{"level":"info","message":"MongoDB Connected: cluster0-shard-00-02.pmdmt.mongodb.net","timestamp":"2024-12-30T17:28:58.385Z"}
{"level":"info","message":"Server running on port 8080","timestamp":"2024-12-30T17:28:58.391Z"}
{"level":"info","message":"MongoDB Connected: cluster0-shard-00-01.pmdmt.mongodb.net","timestamp":"2024-12-30T17:36:21.269Z"}
{"level":"info","message":"Server running on port 8080","timestamp":"2024-12-30T17:36:21.281Z"}
{"level":"info","message":"MongoDB Connected: cluster0-shard-00-00.pmdmt.mongodb.net","timestamp":"2024-12-30T17:38:51.540Z"}
{"level":"info","message":"Server running on port 8080","timestamp":"2024-12-30T17:38:51.550Z"}
{"level":"info","message":"MongoDB Connected: cluster0-shard-00-01.pmdmt.mongodb.net","timestamp":"2024-12-30T17:40:32.689Z"}
{"level":"info","message":"Server running on port 8080","timestamp":"2024-12-30T17:40:32.695Z"}
{"level":"error","message":"Error: Invalid token","stack":"Error: Invalid token\n    at authenticateToken (C:\\Users\\walto\\OneDrive\\Escritorio\\task-manager\\dist\\middleware\\auth.middleware.js:24:21)\n    at Layer.handle [as handle_request] (C:\\Users\\walto\\OneDrive\\Escritorio\\task-manager\\node_modules\\express\\lib\\router\\layer.js:95:5)\n    at next (C:\\Users\\walto\\OneDrive\\Escritorio\\task-manager\\node_modules\\express\\lib\\router\\route.js:149:13)\n    at Route.dispatch (C:\\Users\\walto\\OneDrive\\Escritorio\\task-manager\\node_modules\\express\\lib\\router\\route.js:119:3)\n    at Layer.handle [as handle_request] (C:\\Users\\walto\\OneDrive\\Escritorio\\task-manager\\node_modules\\express\\lib\\router\\layer.js:95:5)\n    at C:\\Users\\walto\\OneDrive\\Escritorio\\task-manager\\node_modules\\express\\lib\\router\\index.js:284:15\n    at Function.process_params (C:\\Users\\walto\\OneDrive\\Escritorio\\task-manager\\node_modules\\express\\lib\\router\\index.js:346:12)\n    at next (C:\\Users\\walto\\OneDrive\\Escritorio\\task-manager\\node_modules\\express\\lib\\router\\index.js:280:10)\n    at Function.handle (C:\\Users\\walto\\OneDrive\\Escritorio\\task-manager\\node_modules\\express\\lib\\router\\index.js:175:3)\n    at router (C:\\Users\\walto\\OneDrive\\Escritorio\\task-manager\\node_modules\\express\\lib\\router\\index.js:47:12)","status":"fail","statusCode":401,"timestamp":"2024-12-30T17:40:58.454Z"}
{"level":"error","message":"Error: Invalid token","stack":"Error: Invalid token\n    at authenticateToken (C:\\Users\\walto\\OneDrive\\Escritorio\\task-manager\\dist\\middleware\\auth.middleware.js:24:21)\n    at Layer.handle [as handle_request] (C:\\Users\\walto\\OneDrive\\Escritorio\\task-manager\\node_modules\\express\\lib\\router\\layer.js:95:5)\n    at next (C:\\Users\\walto\\OneDrive\\Escritorio\\task-manager\\node_modules\\express\\lib\\router\\route.js:149:13)\n    at Route.dispatch (C:\\Users\\walto\\OneDrive\\Escritorio\\task-manager\\node_modules\\express\\lib\\router\\route.js:119:3)\n    at Layer.handle [as handle_request] (C:\\Users\\walto\\OneDrive\\Escritorio\\task-manager\\node_modules\\express\\lib\\router\\layer.js:95:5)\n    at C:\\Users\\walto\\OneDrive\\Escritorio\\task-manager\\node_modules\\express\\lib\\router\\index.js:284:15\n    at Function.process_params (C:\\Users\\walto\\OneDrive\\Escritorio\\task-manager\\node_modules\\express\\lib\\router\\index.js:346:12)\n    at next (C:\\Users\\walto\\OneDrive\\Escritorio\\task-manager\\node_modules\\express\\lib\\router\\index.js:280:10)\n    at Function.handle (C:\\Users\\walto\\OneDrive\\Escritorio\\task-manager\\node_modules\\express\\lib\\router\\index.js:175:3)\n    at router (C:\\Users\\walto\\OneDrive\\Escritorio\\task-manager\\node_modules\\express\\lib\\router\\index.js:47:12)","status":"fail","statusCode":401,"timestamp":"2024-12-30T17:40:58.469Z"}
{"email":"waltongerman@gmail.com","level":"info","message":"Attempting user login","timestamp":"2024-12-30T17:41:07.466Z"}
{"level":"info","message":"User logged in successfully","timestamp":"2024-12-30T17:41:07.613Z","userId":"6772889c33d67f3510e4be24"}
{"level":"info","message":"Login successful","timestamp":"2024-12-30T17:41:07.614Z","userId":"6772889c33d67f3510e4be24"}
{"filter":{},"level":"info","message":"Getting tasks with filter","timestamp":"2024-12-30T17:41:07.662Z"}
{"filter":{},"level":"info","message":"Getting tasks with filter","timestamp":"2024-12-30T17:41:07.730Z"}
{"email":"jose@hotmail.com","level":"info","message":"Starting user registration process","timestamp":"2024-12-30T17:41:27.674Z"}
{"level":"info","message":"User registered successfully","timestamp":"2024-12-30T17:41:28.078Z","userId":"6772db47a587899fc95e570e"}
{"level":"info","message":"Registration successful","timestamp":"2024-12-30T17:41:28.079Z","userId":"6772db47a587899fc95e570e"}
{"filter":{},"level":"info","message":"Getting tasks with filter","timestamp":"2024-12-30T17:41:28.161Z"}
{"filter":{},"level":"info","message":"Getting tasks with filter","timestamp":"2024-12-30T17:41:28.231Z"}
{"level":"info","message":"MongoDB Connected: cluster0-shard-00-02.pmdmt.mongodb.net","timestamp":"2024-12-30T18:24:26.109Z"}
{"level":"info","message":"Server running on port 8080","timestamp":"2024-12-30T18:24:26.114Z"}
